-------------------------------------------------------------------------------
Test set: lt.viko.eif.dziukas.soap.soap.JAXWS1Test
-------------------------------------------------------------------------------
Tests run: 1, Failures: 1, Errors: 0, Skipped: 0, Time elapsed: 2.366 sec <<< FAILURE!
lt.viko.eif.dziukas.soap.soap.JAXWS1Test.testMain()  Time elapsed: 2.363 sec  <<< FAILURE!
org.opentest4j.AssertionFailedError: The test case is a prototype.
	at org.junit.jupiter.api.AssertionUtils.fail(AssertionUtils.java:38)
	at org.junit.jupiter.api.Assertions.fail(Assertions.java:84)
	at lt.viko.eif.dziukas.soap.soap.JAXWS1Test.testMain(JAXWS1Test.java:33)

